waiting for connection...
connected

instr  0x11D7A
stack  0x124CA
src    0x123D0
dst    0x123D0

B8 09 00
AX 0009  BX 0000  CX 1801  DX 0000  FL 3254
SI 0000  DI 0000  IP 00FA  SP 157A  BP 1680
DS 123D  ES 123D  CS 1080  SS 123D

CF 0  PF 1  AF 1  ZF 1  SF 0  TF 0  IF 1  DF 0  OF 0

>
instr  0x11D78
stack  0x124CB
src    0x123D0
dst    0x123D0

50
AX 0009  BX 0000  CX 1801  DX 0000  FL 3254
SI 0000  DI 0000  IP 00FB  SP 1578  BP 1680
DS 123D  ES 123D  CS 1080  SS 123D

CF 0  PF 1  AF 1  ZF 1  SF 0  TF 0  IF 1  DF 0  OF 0

>
instr  0x11D78
stack  0x124CE
src    0x123DB
dst    0x123D0

BE 0B 00
AX 0009  BX 0000  CX 1801  DX 0000  FL 3254
SI 000B  DI 0000  IP 00FE  SP 1578  BP 1680
DS 123D  ES 123D  CS 1080  SS 123D

CF 0  PF 1  AF 1  ZF 1  SF 0  TF 0  IF 1  DF 0  OF 0

>
instr  0x11D76
stack  0x124CF
src    0x123DB
dst    0x123D0

56
AX 0009  BX 0000  CX 1801  DX 0000  FL 3254
SI 000B  DI 0000  IP 00FF  SP 1576  BP 1680
DS 123D  ES 123D  CS 1080  SS 123D

CF 0  PF 1  AF 1  ZF 1  SF 0  TF 0  IF 1  DF 0  OF 0

>
instr  0x11D74
stack  0x132A8
src    0x123DB
dst    0x123D0

E8 D6 0D
AX 0009  BX 0000  CX 1801  DX 0000  FL 3254
SI 000B  DI 0000  IP 0ED8  SP 1574  BP 1680
DS 123D  ES 123D  CS 1080  SS 123D

CF 0  PF 1  AF 1  ZF 1  SF 0  TF 0  IF 1  DF 0  OF 0

>
instr  0x11D72
stack  0x132A9
src    0x123DB
dst    0x123D0

55
AX 0009  BX 0000  CX 1801  DX 0000  FL 3254
SI 000B  DI 0000  IP 0ED9  SP 1572  BP 1680
DS 123D  ES 123D  CS 1080  SS 123D

CF 0  PF 1  AF 1  ZF 1  SF 0  TF 0  IF 1  DF 0  OF 0

>
instr  0x11D72
stack  0x132AB
src    0x123DB
dst    0x123D0

89 E5
AX 0009  BX 0000  CX 1801  DX 0000  FL 3254
SI 000B  DI 0000  IP 0EDB  SP 1572  BP 1572
DS 123D  ES 123D  CS 1080  SS 123D

CF 0  PF 1  AF 1  ZF 1  SF 0  TF 0  IF 1  DF 0  OF 0

>
instr  0x11D70
stack  0x132AE
src    0x123DB
dst    0x123D0

FF 76 06
AX 0009  BX 0000  CX 1801  DX 0000  FL 3254
SI 000B  DI 0000  IP 0EDE  SP 1570  BP 1572
DS 123D  ES 123D  CS 1080  SS 123D

CF 0  PF 1  AF 1  ZF 1  SF 0  TF 0  IF 1  DF 0  OF 0

>
instr  0x11D70
stack  0x132B0
src    0x123DB
dst    0x123D0

31 C0
AX 0000  BX 0000  CX 1801  DX 0000  FL 3254
SI 000B  DI 0000  IP 0EE0  SP 1570  BP 1572
DS 123D  ES 123D  CS 1080  SS 123D

CF 0  PF 1  AF 1  ZF 1  SF 0  TF 0  IF 1  DF 0  OF 0

>
instr  0x11D6E
stack  0x132B1
src    0x123DB
dst    0x123D0

50
AX 0000  BX 0000  CX 1801  DX 0000  FL 3254
SI 000B  DI 0000  IP 0EE1  SP 156E  BP 1572
DS 123D  ES 123D  CS 1080  SS 123D

CF 0  PF 1  AF 1  ZF 1  SF 0  TF 0  IF 1  DF 0  OF 0

>
instr  0x11D6E
stack  0x132B4
src    0x123DB
dst    0x123D0

B8 FF FF
AX FFFF  BX 0000  CX 1801  DX 0000  FL 3254
SI 000B  DI 0000  IP 0EE4  SP 156E  BP 1572
DS 123D  ES 123D  CS 1080  SS 123D

CF 0  PF 1  AF 1  ZF 1  SF 0  TF 0  IF 1  DF 0  OF 0

>
instr  0x11D6C
stack  0x132B5
src    0x123DB
dst    0x123D0

50
AX FFFF  BX 0000  CX 1801  DX 0000  FL 3254
SI 000B  DI 0000  IP 0EE5  SP 156C  BP 1572
DS 123D  ES 123D  CS 1080  SS 123D

CF 0  PF 1  AF 1  ZF 1  SF 0  TF 0  IF 1  DF 0  OF 0

>
instr  0x11D6A
stack  0x132B8
src    0x123DB
dst    0x123D0

FF 76 04
AX FFFF  BX 0000  CX 1801  DX 0000  FL 3254
SI 000B  DI 0000  IP 0EE8  SP 156A  BP 1572
DS 123D  ES 123D  CS 1080  SS 123D

CF 0  PF 1  AF 1  ZF 1  SF 0  TF 0  IF 1  DF 0  OF 0

>
instr  0x11D68
stack  0x13539
src    0x123DB
dst    0x123D0

E8 7E 02
AX FFFF  BX 0000  CX 1801  DX 0000  FL 3254
SI 000B  DI 0000  IP 1169  SP 1568  BP 1572
DS 123D  ES 123D  CS 1080  SS 123D

CF 0  PF 1  AF 1  ZF 1  SF 0  TF 0  IF 1  DF 0  OF 0

>
instr  0x11D66
stack  0x1353A
src    0x123DB
dst    0x123D0

56
AX FFFF  BX 0000  CX 1801  DX 0000  FL 3254
SI 000B  DI 0000  IP 116A  SP 1566  BP 1572
DS 123D  ES 123D  CS 1080  SS 123D

CF 0  PF 1  AF 1  ZF 1  SF 0  TF 0  IF 1  DF 0  OF 0

>
instr  0x11D64
stack  0x1353B
src    0x123DB
dst    0x123D0

57
AX FFFF  BX 0000  CX 1801  DX 0000  FL 3254
SI 000B  DI 0000  IP 116B  SP 1564  BP 1572
DS 123D  ES 123D  CS 1080  SS 123D

CF 0  PF 1  AF 1  ZF 1  SF 0  TF 0  IF 1  DF 0  OF 0

>
instr  0x11D62
stack  0x1353C
src    0x123DB
dst    0x123D0

55
AX FFFF  BX 0000  CX 1801  DX 0000  FL 3254
SI 000B  DI 0000  IP 116C  SP 1562  BP 1572
DS 123D  ES 123D  CS 1080  SS 123D

CF 0  PF 1  AF 1  ZF 1  SF 0  TF 0  IF 1  DF 0  OF 0

>
instr  0x11D62
stack  0x1353E
src    0x123DB
dst    0x123D0

89 E5
AX FFFF  BX 0000  CX 1801  DX 0000  FL 3254
SI 000B  DI 0000  IP 116E  SP 1562  BP 1562
DS 123D  ES 123D  CS 1080  SS 123D

CF 0  PF 1  AF 1  ZF 1  SF 0  TF 0  IF 1  DF 0  OF 0

>
instr  0x11D60
stack  0x1353F
src    0x123DB
dst    0x123D0

1E
AX FFFF  BX 0000  CX 1801  DX 0000  FL 3254
SI 000B  DI 0000  IP 116F  SP 1560  BP 1562
DS 123D  ES 123D  CS 1080  SS 123D

CF 0  PF 1  AF 1  ZF 1  SF 0  TF 0  IF 1  DF 0  OF 0

>
instr  0x11D5E
stack  0x13540
src    0x123DB
dst    0x123D0

1E
AX FFFF  BX 0000  CX 1801  DX 0000  FL 3254
SI 000B  DI 0000  IP 1170  SP 155E  BP 1562
DS 123D  ES 123D  CS 1080  SS 123D

CF 0  PF 1  AF 1  ZF 1  SF 0  TF 0  IF 1  DF 0  OF 0

>
instr  0x11D5E
stack  0x13543
src    0x123DB
dst    0x123D0

8B 5E 0C
AX FFFF  BX 0000  CX 1801  DX 0000  FL 3254
SI 000B  DI 0000  IP 1173  SP 155E  BP 1562
DS 123D  ES 123D  CS 1080  SS 123D

CF 0  PF 1  AF 1  ZF 1  SF 0  TF 0  IF 1  DF 0  OF 0

>
instr  0x11D5E
stack  0x13546
src    0x123D9
dst    0x123D0

8B 76 0E
AX FFFF  BX 0000  CX 1801  DX 0000  FL 3254
SI 0009  DI 0000  IP 1176  SP 155E  BP 1562
DS 123D  ES 123D  CS 1080  SS 123D

CF 0  PF 1  AF 1  ZF 1  SF 0  TF 0  IF 1  DF 0  OF 0

>
instr  0x11D5E
stack  0x13548
src    0x123D9
dst    0x123D0

89 DF
AX FFFF  BX 0000  CX 1801  DX 0000  FL 3254
SI 0009  DI 0000  IP 1178  SP 155E  BP 1562
DS 123D  ES 123D  CS 1080  SS 123D

CF 0  PF 1  AF 1  ZF 1  SF 0  TF 0  IF 1  DF 0  OF 0

>
instr  0x11D5E
stack  0x1354A
src    0x123D9
dst    0x123D0

85 DB
AX FFFF  BX 0000  CX 1801  DX 0000  FL 3254
SI 0009  DI 0000  IP 117A  SP 155E  BP 1562
DS 123D  ES 123D  CS 1080  SS 123D

CF 0  PF 1  AF 1  ZF 1  SF 0  TF 0  IF 1  DF 0  OF 0

>
instr  0x11D5E
stack  0x13563
src    0x123D9
dst    0x123D0

74 17
AX FFFF  BX 0000  CX 1801  DX 0000  FL 3254
SI 0009  DI 0000  IP 1193  SP 155E  BP 1562
DS 123D  ES 123D  CS 1080  SS 123D

CF 0  PF 1  AF 1  ZF 1  SF 0  TF 0  IF 1  DF 0  OF 0

>
instr  0x11D5E
stack  0x13565
src    0x123D9
dst    0x123D0

31 C9
AX FFFF  BX 0000  CX 0000  DX 0000  FL 3254
SI 0009  DI 0000  IP 1195  SP 155E  BP 1562
DS 123D  ES 123D  CS 1080  SS 123D

CF 0  PF 1  AF 1  ZF 1  SF 0  TF 0  IF 1  DF 0  OF 0

>
instr  0x11D5E
stack  0x13567
src    0x123D9
dst    0x123D0

8A 04
AX FF72  BX 0000  CX 0000  DX 0000  FL 3254
SI 0009  DI 0000  IP 1197  SP 155E  BP 1562
DS 123D  ES 123D  CS 1080  SS 123D

CF 0  PF 1  AF 1  ZF 1  SF 0  TF 0  IF 1  DF 0  OF 0

>
instr  0x11D5E
stack  0x13569
src    0x123D9
dst    0x123D0

84 C0
AX FF72  BX 0000  CX 0000  DX 0000  FL 3214
SI 0009  DI 0000  IP 1199  SP 155E  BP 1562
DS 123D  ES 123D  CS 1080  SS 123D

CF 0  PF 1  AF 1  ZF 0  SF 0  TF 0  IF 1  DF 0  OF 0

>
instr  0x11D5E
stack  0x13587
src    0x123D9
dst    0x123D0

75 1C
AX FF72  BX 0000  CX 0000  DX 0000  FL 3214
SI 0009  DI 0000  IP 11B7  SP 155E  BP 1562
DS 123D  ES 123D  CS 1080  SS 123D

CF 0  PF 1  AF 1  ZF 0  SF 0  TF 0  IF 1  DF 0  OF 0

>
instr  0x11D5E
stack  0x13588
src    0x123DA
dst    0x123D0

46
AX FF72  BX 0000  CX 0000  DX 0000  FL 3214
SI 000A  DI 0000  IP 11B8  SP 155E  BP 1562
DS 123D  ES 123D  CS 1080  SS 123D

CF 0  PF 1  AF 1  ZF 0  SF 0  TF 0  IF 1  DF 0  OF 0

>
instr  0x11D5E
stack  0x1358A
src    0x123DA
dst    0x123D0

3C 61
AX FF72  BX 0000  CX 0000  DX 0000  FL 3204
SI 000A  DI 0000  IP 11BA  SP 155E  BP 1562
DS 123D  ES 123D  CS 1080  SS 123D

CF 0  PF 1  AF 0  ZF 0  SF 0  TF 0  IF 1  DF 0  OF 0

>
instr  0x11D5E
stack  0x1358C
src    0x123DA
dst    0x123D0

74 20
AX FF72  BX 0000  CX 0000  DX 0000  FL 3204
SI 000A  DI 0000  IP 11BC  SP 155E  BP 1562
DS 123D  ES 123D  CS 1080  SS 123D

CF 0  PF 1  AF 0  ZF 0  SF 0  TF 0  IF 1  DF 0  OF 0

>
instr  0x11D5E
stack  0x13597
src    0x123DA
dst    0x123D0

7F 09
AX FF72  BX 0000  CX 0000  DX 0000  FL 3204
SI 000A  DI 0000  IP 11C7  SP 155E  BP 1562
DS 123D  ES 123D  CS 1080  SS 123D

CF 0  PF 1  AF 0  ZF 0  SF 0  TF 0  IF 1  DF 0  OF 0

>
instr  0x11D5E
stack  0x13599
src    0x123DA
dst    0x123D0

3C 72
AX FF72  BX 0000  CX 0000  DX 0000  FL 3244
SI 000A  DI 0000  IP 11C9  SP 155E  BP 1562
DS 123D  ES 123D  CS 1080  SS 123D

CF 0  PF 1  AF 0  ZF 1  SF 0  TF 0  IF 1  DF 0  OF 0

>
instr  0x11D5E
stack  0x135A7
src    0x123DA
dst    0x123D0

74 0C
AX FF72  BX 0000  CX 0000  DX 0000  FL 3244
SI 000A  DI 0000  IP 11D7  SP 155E  BP 1562
DS 123D  ES 123D  CS 1080  SS 123D

CF 0  PF 1  AF 0  ZF 1  SF 0  TF 0  IF 1  DF 0  OF 0

>
instr  0x11D5E
stack  0x135AA
src    0x123DA
dst    0x123E0

83 CF 10
AX FF72  BX 0000  CX 0000  DX 0000  FL 3200
SI 000A  DI 0010  IP 11DA  SP 155E  BP 1562
DS 123D  ES 123D  CS 1080  SS 123D

CF 0  PF 0  AF 0  ZF 0  SF 0  TF 0  IF 1  DF 0  OF 0

>
instr  0x11D5E
stack  0x13565
src    0x123DA
dst    0x123E0

EB B9
AX FF72  BX 0000  CX 0000  DX 0000  FL 3200
SI 000A  DI 0010  IP 1195  SP 155E  BP 1562
DS 123D  ES 123D  CS 1080  SS 123D

CF 0  PF 0  AF 0  ZF 0  SF 0  TF 0  IF 1  DF 0  OF 0

>
instr  0x11D5E
stack  0x13567
src    0x123DA
dst    0x123E0

8A 04
AX FF00  BX 0000  CX 0000  DX 0000  FL 3200
SI 000A  DI 0010  IP 1197  SP 155E  BP 1562
DS 123D  ES 123D  CS 1080  SS 123D

CF 0  PF 0  AF 0  ZF 0  SF 0  TF 0  IF 1  DF 0  OF 0

>
instr  0x11D5E
stack  0x13569
src    0x123DA
dst    0x123E0

84 C0
AX FF00  BX 0000  CX 0000  DX 0000  FL 3244
SI 000A  DI 0010  IP 1199  SP 155E  BP 1562
DS 123D  ES 123D  CS 1080  SS 123D

CF 0  PF 1  AF 0  ZF 1  SF 0  TF 0  IF 1  DF 0  OF 0

>
instr  0x11D5E
stack  0x1356B
src    0x123DA
dst    0x123E0

75 1C
AX FF00  BX 0000  CX 0000  DX 0000  FL 3244
SI 000A  DI 0010  IP 119B  SP 155E  BP 1562
DS 123D  ES 123D  CS 1080  SS 123D

CF 0  PF 1  AF 0  ZF 1  SF 0  TF 0  IF 1  DF 0  OF 0

>
instr  0x11D5E
stack  0x1356D
src    0x123DA
dst    0x123E0

89 F8
AX 0010  BX 0000  CX 0000  DX 0000  FL 3244
SI 000A  DI 0010  IP 119D  SP 155E  BP 1562
DS 123D  ES 123D  CS 1080  SS 123D

CF 0  PF 1  AF 0  ZF 1  SF 0  TF 0  IF 1  DF 0  OF 0

>
instr  0x11D5E
stack  0x13570
src    0x123DA
dst    0x123E0

83 E0 30
AX 0010  BX 0000  CX 0000  DX 0000  FL 3200
SI 000A  DI 0010  IP 11A0  SP 155E  BP 1562
DS 123D  ES 123D  CS 1080  SS 123D

CF 0  PF 0  AF 0  ZF 0  SF 0  TF 0  IF 1  DF 0  OF 0

>
instr  0x11D5E
stack  0x13573
src    0x123DA
dst    0x123E0

83 F8 10
AX 0010  BX 0000  CX 0000  DX 0000  FL 3244
SI 000A  DI 0010  IP 11A3  SP 155E  BP 1562
DS 123D  ES 123D  CS 1080  SS 123D

CF 0  PF 1  AF 0  ZF 1  SF 0  TF 0  IF 1  DF 0  OF 0

>
instr  0x11D5E
stack  0x135B7
src    0x123DA
dst    0x123E0

74 42
AX 0010  BX 0000  CX 0000  DX 0000  FL 3244
SI 000A  DI 0010  IP 11E7  SP 155E  BP 1562
DS 123D  ES 123D  CS 1080  SS 123D

CF 0  PF 1  AF 0  ZF 1  SF 0  TF 0  IF 1  DF 0  OF 0

>
instr  0x11D5E
stack  0x135BB
src    0x123DA
dst    0x123E0

83 7E 08 00
AX 0010  BX 0000  CX 0000  DX 0000  FL 3200
SI 000A  DI 0010  IP 11EB  SP 155E  BP 1562
DS 123D  ES 123D  CS 1080  SS 123D

CF 0  PF 0  AF 0  ZF 0  SF 0  TF 0  IF 1  DF 0  OF 0

>
instr  0x11D5E
stack  0x135CC
src    0x123DA
dst    0x123E0

75 0F
AX 0010  BX 0000  CX 0000  DX 0000  FL 3200
SI 000A  DI 0010  IP 11FC  SP 155E  BP 1562
DS 123D  ES 123D  CS 1080  SS 123D

CF 0  PF 0  AF 0  ZF 0  SF 0  TF 0  IF 1  DF 0  OF 0

>
instr  0x11D5E
stack  0x135CE
src    0x123DA
dst    0x123E0

85 DB
AX 0010  BX 0000  CX 0000  DX 0000  FL 3244
SI 000A  DI 0010  IP 11FE  SP 155E  BP 1562
DS 123D  ES 123D  CS 1080  SS 123D

CF 0  PF 1  AF 0  ZF 1  SF 0  TF 0  IF 1  DF 0  OF 0

>
instr  0x11D5E
stack  0x135D0
src    0x123DA
dst    0x123E0

75 58
AX 0010  BX 0000  CX 0000  DX 0000  FL 3244
SI 000A  DI 0010  IP 1200  SP 155E  BP 1562
DS 123D  ES 123D  CS 1080  SS 123D

CF 0  PF 1  AF 0  ZF 1  SF 0  TF 0  IF 1  DF 0  OF 0

>
instr  0x11D5E
stack  0x135D3
src    0x123DA
dst    0x123E0

89 5E FC
AX 0010  BX 0000  CX 0000  DX 0000  FL 3244
SI 000A  DI 0010  IP 1203  SP 155E  BP 1562
DS 123D  ES 123D  CS 1080  SS 123D

CF 0  PF 1  AF 0  ZF 1  SF 0  TF 0  IF 1  DF 0  OF 0

>
instr  0x11D5E
stack  0x135D6
src    0x123DA
dst    0x123E0

89 4E FE
AX 0010  BX 0000  CX 0000  DX 0000  FL 3244
SI 000A  DI 0010  IP 1206  SP 155E  BP 1562
DS 123D  ES 123D  CS 1080  SS 123D

CF 0  PF 1  AF 0  ZF 1  SF 0  TF 0  IF 1  DF 0  OF 0

>
instr  0x11D5E
stack  0x135D9
src    0x123DA
dst    0x123E0

B8 18 00
AX 0018  BX 0000  CX 0000  DX 0000  FL 3244
SI 000A  DI 0010  IP 1209  SP 155E  BP 1562
DS 123D  ES 123D  CS 1080  SS 123D

CF 0  PF 1  AF 0  ZF 1  SF 0  TF 0  IF 1  DF 0  OF 0

>
instr  0x11D5C
stack  0x135DA
src    0x123DA
dst    0x123E0

50
AX 0018  BX 0000  CX 0000  DX 0000  FL 3244
SI 000A  DI 0010  IP 120A  SP 155C  BP 1562
DS 123D  ES 123D  CS 1080  SS 123D

CF 0  PF 1  AF 0  ZF 1  SF 0  TF 0  IF 1  DF 0  OF 0

>
instr  0x11D5A
stack  0x13976
src    0x123DA
dst    0x123E0

E8 99 03
AX 0018  BX 0000  CX 0000  DX 0000  FL 3244
SI 000A  DI 0010  IP 15A6  SP 155A  BP 1562
DS 123D  ES 123D  CS 1080  SS 123D

CF 0  PF 1  AF 0  ZF 1  SF 0  TF 0  IF 1  DF 0  OF 0

>
instr  0x11D58
stack  0x13977
src    0x123DA
dst    0x123E0

56
AX 0018  BX 0000  CX 0000  DX 0000  FL 3244
SI 000A  DI 0010  IP 15A7  SP 1558  BP 1562
DS 123D  ES 123D  CS 1080  SS 123D

CF 0  PF 1  AF 0  ZF 1  SF 0  TF 0  IF 1  DF 0  OF 0

>
instr  0x11D56
stack  0x13978
src    0x123DA
dst    0x123E0

57
AX 0018  BX 0000  CX 0000  DX 0000  FL 3244
SI 000A  DI 0010  IP 15A8  SP 1556  BP 1562
DS 123D  ES 123D  CS 1080  SS 123D

CF 0  PF 1  AF 0  ZF 1  SF 0  TF 0  IF 1  DF 0  OF 0

>
instr  0x11D54
stack  0x13979
src    0x123DA
dst    0x123E0

55
AX 0018  BX 0000  CX 0000  DX 0000  FL 3244
SI 000A  DI 0010  IP 15A9  SP 1554  BP 1562
DS 123D  ES 123D  CS 1080  SS 123D

CF 0  PF 1  AF 0  ZF 1  SF 0  TF 0  IF 1  DF 0  OF 0

>
instr  0x11D54
stack  0x1397B
src    0x123DA
dst    0x123E0

89 E5
AX 0018  BX 0000  CX 0000  DX 0000  FL 3244
SI 000A  DI 0010  IP 15AB  SP 1554  BP 1554
DS 123D  ES 123D  CS 1080  SS 123D

CF 0  PF 1  AF 0  ZF 1  SF 0  TF 0  IF 1  DF 0  OF 0

>
instr  0x11D52
stack  0x1397C
src    0x123DA
dst    0x123E0

1E
AX 0018  BX 0000  CX 0000  DX 0000  FL 3244
SI 000A  DI 0010  IP 15AC  SP 1552  BP 1554
DS 123D  ES 123D  CS 1080  SS 123D

CF 0  PF 1  AF 0  ZF 1  SF 0  TF 0  IF 1  DF 0  OF 0

>
instr  0x11D50
stack  0x1397D
src    0x123DA
dst    0x123E0

1E
AX 0018  BX 0000  CX 0000  DX 0000  FL 3244
SI 000A  DI 0010  IP 15AD  SP 1550  BP 1554
DS 123D  ES 123D  CS 1080  SS 123D

CF 0  PF 1  AF 0  ZF 1  SF 0  TF 0  IF 1  DF 0  OF 0

>
instr  0x11D50
stack  0x13981
src    0x123DA
dst    0x123E0

83 7E 08 00
AX 0018  BX 0000  CX 0000  DX 0000  FL 3204
SI 000A  DI 0010  IP 15B1  SP 1550  BP 1554
DS 123D  ES 123D  CS 1080  SS 123D

CF 0  PF 1  AF 0  ZF 0  SF 0  TF 0  IF 1  DF 0  OF 0

>
instr  0x11D50
stack  0x1398B
src    0x123DA
dst    0x123E0

75 08
AX 0018  BX 0000  CX 0000  DX 0000  FL 3204
SI 000A  DI 0010  IP 15BB  SP 1550  BP 1554
DS 123D  ES 123D  CS 1080  SS 123D

CF 0  PF 1  AF 0  ZF 0  SF 0  TF 0  IF 1  DF 0  OF 0

>
instr  0x11D50
stack  0x1398E
src    0x123DA
dst    0x123E0

8B 46 08
AX 0018  BX 0000  CX 0000  DX 0000  FL 3204
SI 000A  DI 0010  IP 15BE  SP 1550  BP 1554
DS 123D  ES 123D  CS 1080  SS 123D

CF 0  PF 1  AF 0  ZF 0  SF 0  TF 0  IF 1  DF 0  OF 0

>
instr  0x11D50
stack  0x13991
src    0x123DA
dst    0x123E0

83 C0 03
AX 001B  BX 0000  CX 0000  DX 0000  FL 3204
SI 000A  DI 0010  IP 15C1  SP 1550  BP 1554
DS 123D  ES 123D  CS 1080  SS 123D

CF 0  PF 1  AF 0  ZF 0  SF 0  TF 0  IF 1  DF 0  OF 0

>
instr  0x11D50
stack  0x13993
src    0x123DA
dst    0x123E0

D1 E8
AX 000D  BX 0000  CX 0000  DX 0000  FL 3201
SI 000A  DI 0010  IP 15C3  SP 1550  BP 1554
DS 123D  ES 123D  CS 1080  SS 123D

CF 1  PF 0  AF 0  ZF 0  SF 0  TF 0  IF 1  DF 0  OF 0

>
instr  0x11D50
stack  0x13996
src    0x123DA
dst    0x123E0

89 46 FE
AX 000D  BX 0000  CX 0000  DX 0000  FL 3201
SI 000A  DI 0010  IP 15C6  SP 1550  BP 1554
DS 123D  ES 123D  CS 1080  SS 123D

CF 1  PF 0  AF 0  ZF 0  SF 0  TF 0  IF 1  DF 0  OF 0

>
instr  0x11D50
stack  0x1399B
src    0x123DA
dst    0x123E0

83 3E 84 02 00
AX 000D  BX 0000  CX 0000  DX 0000  FL 3244
SI 000A  DI 0010  IP 15CB  SP 1550  BP 1554
DS 123D  ES 123D  CS 1080  SS 123D

CF 0  PF 1  AF 0  ZF 1  SF 0  TF 0  IF 1  DF 0  OF 0

>
instr  0x11D50
stack  0x1399D
src    0x123DA
dst    0x123E0

75 60
AX 000D  BX 0000  CX 0000  DX 0000  FL 3244
SI 000A  DI 0010  IP 15CD  SP 1550  BP 1554
DS 123D  ES 123D  CS 1080  SS 123D

CF 0  PF 1  AF 0  ZF 1  SF 0  TF 0  IF 1  DF 0  OF 0

>
instr  0x11D4E
stack  0x139A0
src    0x123DA
dst    0x123E0

FF 76 FE
AX 000D  BX 0000  CX 0000  DX 0000  FL 3244
SI 000A  DI 0010  IP 15D0  SP 154E  BP 1554
DS 123D  ES 123D  CS 1080  SS 123D

CF 0  PF 1  AF 0  ZF 1  SF 0  TF 0  IF 1  DF 0  OF 0

>
instr  0x11D4C
stack  0x13903
src    0x123DA
dst    0x123E0

E8 60 FF
AX 000D  BX 0000  CX 0000  DX 0000  FL 3244
SI 000A  DI 0010  IP 1533  SP 154C  BP 1554
DS 123D  ES 123D  CS 1080  SS 123D

CF 0  PF 1  AF 0  ZF 1  SF 0  TF 0  IF 1  DF 0  OF 0

>
instr  0x11D4A
stack  0x13904
src    0x123DA
dst    0x123E0

56
AX 000D  BX 0000  CX 0000  DX 0000  FL 3244
SI 000A  DI 0010  IP 1534  SP 154A  BP 1554
DS 123D  ES 123D  CS 1080  SS 123D

CF 0  PF 1  AF 0  ZF 1  SF 0  TF 0  IF 1  DF 0  OF 0

>
instr  0x11D48
stack  0x13905
src    0x123DA
dst    0x123E0

57
AX 000D  BX 0000  CX 0000  DX 0000  FL 3244
SI 000A  DI 0010  IP 1535  SP 1548  BP 1554
DS 123D  ES 123D  CS 1080  SS 123D

CF 0  PF 1  AF 0  ZF 1  SF 0  TF 0  IF 1  DF 0  OF 0

>
instr  0x11D48
stack  0x13907
src    0x123DA
dst    0x123E0

89 E3
AX 000D  BX 1548  CX 0000  DX 0000  FL 3244
SI 000A  DI 0010  IP 1537  SP 1548  BP 1554
DS 123D  ES 123D  CS 1080  SS 123D

CF 0  PF 1  AF 0  ZF 1  SF 0  TF 0  IF 1  DF 0  OF 0

>
instr  0x11D48
stack  0x1390A
src    0x123DA
dst    0x123E0

8B 57 06
AX 000D  BX 1548  CX 0000  DX 000D  FL 3244
SI 000A  DI 0010  IP 153A  SP 1548  BP 1554
DS 123D  ES 123D  CS 1080  SS 123D

CF 0  PF 1  AF 0  ZF 1  SF 0  TF 0  IF 1  DF 0  OF 0

>
instr  0x11D48
stack  0x1390E
src    0x123DA
dst    0x123E0

8B 1E 82 02
AX 000D  BX 0000  CX 0000  DX 000D  FL 3244
SI 000A  DI 0010  IP 153E  SP 1548  BP 1554
DS 123D  ES 123D  CS 1080  SS 123D

CF 0  PF 1  AF 0  ZF 1  SF 0  TF 0  IF 1  DF 0  OF 0

>
instr  0x11D48
stack  0x13910
src    0x123D0
dst    0x123E0

89 DE
AX 000D  BX 0000  CX 0000  DX 000D  FL 3244
SI 0000  DI 0010  IP 1540  SP 1548  BP 1554
DS 123D  ES 123D  CS 1080  SS 123D

CF 0  PF 1  AF 0  ZF 1  SF 0  TF 0  IF 1  DF 0  OF 0

>
instr  0x11D48
stack  0x13912
src    0x123D0
dst    0x123E0

85 DB
AX 000D  BX 0000  CX 0000  DX 000D  FL 3244
SI 0000  DI 0010  IP 1542  SP 1548  BP 1554
DS 123D  ES 123D  CS 1080  SS 123D

CF 0  PF 1  AF 0  ZF 1  SF 0  TF 0  IF 1  DF 0  OF 0

>
instr  0x11D48
stack  0x13949
src    0x123D0
dst    0x123E0

74 35
AX 000D  BX 0000  CX 0000  DX 000D  FL 3244
SI 0000  DI 0010  IP 1579  SP 1548  BP 1554
DS 123D  ES 123D  CS 1080  SS 123D

CF 0  PF 1  AF 0  ZF 1  SF 0  TF 0  IF 1  DF 0  OF 0

>
instr  0x11D48
stack  0x1394A
src    0x123DD
dst    0x123E0

96
AX 0000  BX 0000  CX 0000  DX 000D  FL 3244
SI 000D  DI 0010  IP 157A  SP 1548  BP 1554
DS 123D  ES 123D  CS 1080  SS 123D

CF 0  PF 1  AF 0  ZF 1  SF 0  TF 0  IF 1  DF 0  OF 0

>
instr  0x11D4A
stack  0x1394B
src    0x123DD
dst    0x123E0

5F
AX 0000  BX 0000  CX 0000  DX 000D  FL 3244
SI 000D  DI 0010  IP 157B  SP 154A  BP 1554
DS 123D  ES 123D  CS 1080  SS 123D

CF 0  PF 1  AF 0  ZF 1  SF 0  TF 0  IF 1  DF 0  OF 0

>
instr  0x11D4C
stack  0x1394C
src    0x123DA
dst    0x123E0

5E
AX 0000  BX 0000  CX 0000  DX 000D  FL 3244
SI 000A  DI 0010  IP 157C  SP 154C  BP 1554
DS 123D  ES 123D  CS 1080  SS 123D

CF 0  PF 1  AF 0  ZF 1  SF 0  TF 0  IF 1  DF 0  OF 0

>
instr  0x11D4E
stack  0x139A3
src    0x123DA
dst    0x123E0

C3
AX 0000  BX 0000  CX 0000  DX 000D  FL 3244
SI 000A  DI 0010  IP 15D3  SP 154E  BP 1554
DS 123D  ES 123D  CS 1080  SS 123D

CF 0  PF 1  AF 0  ZF 1  SF 0  TF 0  IF 1  DF 0  OF 0

>
instr  0x11D50
stack  0x139A6
src    0x123DA
dst    0x123E0

83 C4 02
AX 0000  BX 0000  CX 0000  DX 000D  FL 3214
SI 000A  DI 0010  IP 15D6  SP 1550  BP 1554
DS 123D  ES 123D  CS 1080  SS 123D

CF 0  PF 1  AF 1  ZF 0  SF 0  TF 0  IF 1  DF 0  OF 0

>
instr  0x11D50
stack  0x139A8
src    0x123DA
dst    0x123E0

85 C0
AX 0000  BX 0000  CX 0000  DX 000D  FL 3254
SI 000A  DI 0010  IP 15D8  SP 1550  BP 1554
DS 123D  ES 123D  CS 1080  SS 123D

CF 0  PF 1  AF 1  ZF 1  SF 0  TF 0  IF 1  DF 0  OF 0

>
instr  0x11D50
stack  0x139AA
src    0x123DA
dst    0x123E0

75 35
AX 0000  BX 0000  CX 0000  DX 000D  FL 3254
SI 000A  DI 0010  IP 15DA  SP 1550  BP 1554
DS 123D  ES 123D  CS 1080  SS 123D

CF 0  PF 1  AF 1  ZF 1  SF 0  TF 0  IF 1  DF 0  OF 0

>
instr  0x11D50
stack  0x139AD
src    0x123DA
dst    0x123DD

8B 7E FE
AX 0000  BX 0000  CX 0000  DX 000D  FL 3254
SI 000A  DI 000D  IP 15DD  SP 1550  BP 1554
DS 123D  ES 123D  CS 1080  SS 123D

CF 0  PF 1  AF 1  ZF 1  SF 0  TF 0  IF 1  DF 0  OF 0

>
instr  0x11D50
stack  0x139B1
src    0x123DA
dst    0x125DC

81 C7 FF 01
AX 0000  BX 0000  CX 0000  DX 000D  FL 3214
SI 000A  DI 020C  IP 15E1  SP 1550  BP 1554
DS 123D  ES 123D  CS 1080  SS 123D

CF 0  PF 1  AF 1  ZF 0  SF 0  TF 0  IF 1  DF 0  OF 0

>
instr  0x11D50
stack  0x139B5
src    0x123DA
dst    0x125D0

81 E7 00 FE
AX 0000  BX 0000  CX 0000  DX 000D  FL 3214
SI 000A  DI 0200  IP 15E5  SP 1550  BP 1554
DS 123D  ES 123D  CS 1080  SS 123D

CF 0  PF 1  AF 1  ZF 0  SF 0  TF 0  IF 1  DF 0  OF 0

>
instr  0x11D50
stack  0x139B9
src    0x123DA
dst    0x1A5CF

81 C7 FF 7F
AX 0000  BX 0000  CX 0000  DX 000D  FL 3A84
SI 000A  DI 81FF  IP 15E9  SP 1550  BP 1554
DS 123D  ES 123D  CS 1080  SS 123D

CF 0  PF 1  AF 0  ZF 0  SF 1  TF 0  IF 1  DF 0  OF 1

>
instr  0x11D50
stack  0x139BB
src    0x1A5CF
dst    0x1A5CF

89 FE
AX 0000  BX 0000  CX 0000  DX 000D  FL 3A84
SI 81FF  DI 81FF  IP 15EB  SP 1550  BP 1554
DS 123D  ES 123D  CS 1080  SS 123D

CF 0  PF 1  AF 0  ZF 0  SF 1  TF 0  IF 1  DF 0  OF 1

>
instr  0x11D50
stack  0x139BD
src    0x127CE
dst    0x1A5CF

D1 E6
AX 0000  BX 0000  CX 0000  DX 000D  FL 3A01
SI 03FE  DI 81FF  IP 15ED  SP 1550  BP 1554
DS 123D  ES 123D  CS 1080  SS 123D

CF 1  PF 0  AF 0  ZF 0  SF 0  TF 0  IF 1  DF 0  OF 1

>
instr  0x11D4E
stack  0x139BE
src    0x127CE
dst    0x1A5CF

56
AX 0000  BX 0000  CX 0000  DX 000D  FL 3A01
SI 03FE  DI 81FF  IP 15EE  SP 154E  BP 1554
DS 123D  ES 123D  CS 1080  SS 123D

CF 1  PF 0  AF 0  ZF 0  SF 0  TF 0  IF 1  DF 0  OF 1

>
instr  0x11D4C
stack  0x13AC0
src    0x127CE
dst    0x1A5CF

E8 FF 00
AX 0000  BX 0000  CX 0000  DX 000D  FL 3A01
SI 03FE  DI 81FF  IP 16F0  SP 154C  BP 1554
DS 123D  ES 123D  CS 1080  SS 123D

CF 1  PF 0  AF 0  ZF 0  SF 0  TF 0  IF 1  DF 0  OF 1

>
instr  0x11D4A
stack  0x13AC1
src    0x127CE
dst    0x1A5CF

56
AX 0000  BX 0000  CX 0000  DX 000D  FL 3A01
SI 03FE  DI 81FF  IP 16F1  SP 154A  BP 1554
DS 123D  ES 123D  CS 1080  SS 123D

CF 1  PF 0  AF 0  ZF 0  SF 0  TF 0  IF 1  DF 0  OF 1

>
instr  0x11D48
stack  0x13AC2
src    0x127CE
dst    0x1A5CF

55
AX 0000  BX 0000  CX 0000  DX 000D  FL 3A01
SI 03FE  DI 81FF  IP 16F2  SP 1548  BP 1554
DS 123D  ES 123D  CS 1080  SS 123D

CF 1  PF 0  AF 0  ZF 0  SF 0  TF 0  IF 1  DF 0  OF 1

>
instr  0x11D48
stack  0x13AC4
src    0x127CE
dst    0x1A5CF

89 E5
AX 0000  BX 0000  CX 0000  DX 000D  FL 3A01
SI 03FE  DI 81FF  IP 16F4  SP 1548  BP 1548
DS 123D  ES 123D  CS 1080  SS 123D

CF 1  PF 0  AF 0  ZF 0  SF 0  TF 0  IF 1  DF 0  OF 1

>
instr  0x11D48
stack  0x13AC6
src    0x127CE
dst    0x1A5CF

31 C0
AX 0000  BX 0000  CX 0000  DX 000D  FL 3244
SI 03FE  DI 81FF  IP 16F6  SP 1548  BP 1548
DS 123D  ES 123D  CS 1080  SS 123D

CF 0  PF 1  AF 0  ZF 1  SF 0  TF 0  IF 1  DF 0  OF 0

>
instr  0x11D46
stack  0x13AC7
src    0x127CE
dst    0x1A5CF

50
AX 0000  BX 0000  CX 0000  DX 000D  FL 3244
SI 03FE  DI 81FF  IP 16F7  SP 1546  BP 1548
DS 123D  ES 123D  CS 1080  SS 123D

CF 0  PF 1  AF 0  ZF 1  SF 0  TF 0  IF 1  DF 0  OF 0

>
instr  0x11D44
stack  0x13EE8
src    0x127CE
dst    0x1A5CF

E8 1E 04
AX 0000  BX 0000  CX 0000  DX 000D  FL 3244
SI 03FE  DI 81FF  IP 1B18  SP 1544  BP 1548
DS 123D  ES 123D  CS 1080  SS 123D

CF 0  PF 1  AF 0  ZF 1  SF 0  TF 0  IF 1  DF 0  OF 0

>
instr  0x11D42
stack  0x13EE9
src    0x127CE
dst    0x1A5CF

55
AX 0000  BX 0000  CX 0000  DX 000D  FL 3244
SI 03FE  DI 81FF  IP 1B19  SP 1542  BP 1548
DS 123D  ES 123D  CS 1080  SS 123D

CF 0  PF 1  AF 0  ZF 1  SF 0  TF 0  IF 1  DF 0  OF 0

>
instr  0x11D42
stack  0x13EEB
src    0x127CE
dst    0x1A5CF

89 E5
AX 0000  BX 0000  CX 0000  DX 000D  FL 3244
SI 03FE  DI 81FF  IP 1B1B  SP 1542  BP 1542
DS 123D  ES 123D  CS 1080  SS 123D

CF 0  PF 1  AF 0  ZF 1  SF 0  TF 0  IF 1  DF 0  OF 0

>
instr  0x11D40
stack  0x13EEC
src    0x127CE
dst    0x1A5CF

1E
AX 0000  BX 0000  CX 0000  DX 000D  FL 3244
SI 03FE  DI 81FF  IP 1B1C  SP 1540  BP 1542
DS 123D  ES 123D  CS 1080  SS 123D

CF 0  PF 1  AF 0  ZF 1  SF 0  TF 0  IF 1  DF 0  OF 0

>
instr  0x11D40
stack  0x13EEF
src    0x127CE
dst    0x1A5CF

8D 46 FE
AX 1540  BX 0000  CX 0000  DX 000D  FL 3244
SI 03FE  DI 81FF  IP 1B1F  SP 1540  BP 1542
DS 123D  ES 123D  CS 1080  SS 123D

CF 0  PF 1  AF 0  ZF 1  SF 0  TF 0  IF 1  DF 0  OF 0

>
instr  0x11D3E
stack  0x13EF0
src    0x127CE
dst    0x1A5CF

50
AX 1540  BX 0000  CX 0000  DX 000D  FL 3244
SI 03FE  DI 81FF  IP 1B20  SP 153E  BP 1542
DS 123D  ES 123D  CS 1080  SS 123D

CF 0  PF 1  AF 0  ZF 1  SF 0  TF 0  IF 1  DF 0  OF 0

>
instr  0x11D3C
stack  0x13EF3
src    0x127CE
dst    0x1A5CF

FF 76 04
AX 1540  BX 0000  CX 0000  DX 000D  FL 3244
SI 03FE  DI 81FF  IP 1B23  SP 153C  BP 1542
DS 123D  ES 123D  CS 1080  SS 123D

CF 0  PF 1  AF 0  ZF 1  SF 0  TF 0  IF 1  DF 0  OF 0

>
instr  0x11D3A
stack  0x13F09
src    0x127CE
dst    0x1A5CF

E8 13 00
AX 1540  BX 0000  CX 0000  DX 000D  FL 3244
SI 03FE  DI 81FF  IP 1B39  SP 153A  BP 1542
DS 123D  ES 123D  CS 1080  SS 123D

CF 0  PF 1  AF 0  ZF 1  SF 0  TF 0  IF 1  DF 0  OF 0

>
instr  0x11D3A
stack  0x13F0C
src    0x127CE
dst    0x1A5CF

B8 45 00
AX 0045  BX 0000  CX 0000  DX 000D  FL 3244
SI 03FE  DI 81FF  IP 1B3C  SP 153A  BP 1542
DS 123D  ES 123D  CS 1080  SS 123D

CF 0  PF 1  AF 0  ZF 1  SF 0  TF 0  IF 1  DF 0  OF 0

>
instr  0x11D3A
stack  0x12BD7
src    0x127CE
dst    0x1A5CF

E9 C8 EC
AX 0045  BX 0000  CX 0000  DX 000D  FL 3244
SI 03FE  DI 81FF  IP 0807  SP 153A  BP 1542
DS 123D  ES 123D  CS 1080  SS 123D

CF 0  PF 1  AF 0  ZF 1  SF 0  TF 0  IF 1  DF 0  OF 0

>
instr  0x11D3A
stack  0x12BD9
src    0x127CE
dst    0x1A5CF

89 E3
AX 0045  BX 153A  CX 0000  DX 000D  FL 3244
SI 03FE  DI 81FF  IP 0809  SP 153A  BP 1542
DS 123D  ES 123D  CS 1080  SS 123D

CF 0  PF 1  AF 0  ZF 1  SF 0  TF 0  IF 1  DF 0  OF 0

>
instr  0x11D3A
stack  0x12BDC
src    0x127CE
dst    0x1A5CF

8B 4F 04
AX 0045  BX 153A  CX 1540  DX 000D  FL 3244
SI 03FE  DI 81FF  IP 080C  SP 153A  BP 1542
DS 123D  ES 123D  CS 1080  SS 123D

CF 0  PF 1  AF 0  ZF 1  SF 0  TF 0  IF 1  DF 0  OF 0

>
instr  0x11D3A
stack  0x12BDF
src    0x127CE
dst    0x1A5CF

8B 5F 02
AX 0045  BX 0000  CX 1540  DX 000D  FL 3244
SI 03FE  DI 81FF  IP 080F  SP 153A  BP 1542
DS 123D  ES 123D  CS 1080  SS 123D

CF 0  PF 1  AF 0  ZF 1  SF 0  TF 0  IF 1  DF 0  OF 0

>
instr  0x11D3A
stack  0x12BF0
src    0x127CE
dst    0x1A5CF

E9 0E 00
AX 0045  BX 0000  CX 1540  DX 000D  FL 3244
SI 03FE  DI 81FF  IP 0820  SP 153A  BP 1542
DS 123D  ES 123D  CS 1080  SS 123D

CF 0  PF 1  AF 0  ZF 1  SF 0  TF 0  IF 1  DF 0  OF 0

>
instr  0x01D34
stack  0x13688
src    0x127CE
dst    0x1A5CF

CD 80
AX 0045  BX 0000  CX 1540  DX 000D  FL 3044
SI 03FE  DI 81FF  IP 12B8  SP 1534  BP 1542
DS 123D  ES 123D  CS 0080  SS 123D

CF 0  PF 1  AF 0  ZF 1  SF 0  TF 0  IF 0  DF 0  OF 0

>
instr  0xE1B50
stack  0x16561
src    0x127CE
dst    0x1A5CF

9A 91 41 62 E0
AX 0045  BX 0000  CX 1540  DX 000D  FL 3044
SI 03FE  DI 81FF  IP 4191  SP 1530  BP 1542
DS 123D  ES 123D  CS E062  SS 123D

CF 0  PF 1  AF 0  ZF 1  SF 0  TF 0  IF 0  DF 0  OF 0

>
instr  0xE1B4E
stack  0x16562
src    0x127CE
dst    0x1A5CF

1E
AX 0045  BX 0000  CX 1540  DX 000D  FL 3044
SI 03FE  DI 81FF  IP 4192  SP 152E  BP 1542
DS 123D  ES 123D  CS E062  SS 123D

CF 0  PF 1  AF 0  ZF 1  SF 0  TF 0  IF 0  DF 0  OF 0

>
instr  0xE1B4C
stack  0x16563
src    0x127CE
dst    0x1A5CF

56
AX 0045  BX 0000  CX 1540  DX 000D  FL 3044
SI 03FE  DI 81FF  IP 4193  SP 152C  BP 1542
DS 123D  ES 123D  CS E062  SS 123D

CF 0  PF 1  AF 0  ZF 1  SF 0  TF 0  IF 0  DF 0  OF 0

>
instr  0xE1B4A
stack  0x16564
src    0x127CE
dst    0x1A5CF

57
AX 0045  BX 0000  CX 1540  DX 000D  FL 3044
SI 03FE  DI 81FF  IP 4194  SP 152A  BP 1542
DS 123D  ES 123D  CS E062  SS 123D

CF 0  PF 1  AF 0  ZF 1  SF 0  TF 0  IF 0  DF 0  OF 0

>
instr  0xE1B4A
stack  0x16566
src    0x138FA
dst    0x1A5CF

89 E6
AX 0045  BX 0000  CX 1540  DX 000D  FL 3044
SI 152A  DI 81FF  IP 4196  SP 152A  BP 1542
DS 123D  ES 123D  CS E062  SS 123D

CF 0  PF 1  AF 0  ZF 1  SF 0  TF 0  IF 0  DF 0  OF 0

>
instr  0xE1B4A
stack  0x1656A
src    0x01D2A
dst    0x1A5CF

8E 5C 08
AX 0045  BX 0000  CX 1540  DX 000D  FL 3044
SI 152A  DI 81FF  IP 419A  SP 152A  BP 1542
DS 0080  ES 123D  CS E062  SS 123D

CF 0  PF 1  AF 0  ZF 1  SF 0  TF 0  IF 0  DF 0  OF 0

>
instr  0xE1B4A
stack  0x1656F
src    0x01D2A
dst    0x1A5CF

83 3E 64 09 01
AX 0045  BX 0000  CX 1540  DX 000D  FL 3095
SI 152A  DI 81FF  IP 419F  SP 152A  BP 1542
DS 0080  ES 123D  CS E062  SS 123D

CF 1  PF 1  AF 1  ZF 0  SF 1  TF 0  IF 0  DF 0  OF 0

>
instr  0xE1B4A
stack  0x1657D
src    0x01D2A
dst    0x1A5CF

72 0C
AX 0045  BX 0000  CX 1540  DX 000D  FL 3095
SI 152A  DI 81FF  IP 41AD  SP 152A  BP 1542
DS 0080  ES 123D  CS E062  SS 123D

CF 1  PF 1  AF 1  ZF 0  SF 1  TF 0  IF 0  DF 0  OF 0

>
instr  0xE1B4A
stack  0x16581
src    0x01F3A
dst    0x1A5CF

8B 36 08 12
AX 0045  BX 0000  CX 1540  DX 000D  FL 3095
SI 173A  DI 81FF  IP 41B1  SP 152A  BP 1542
DS 0080  ES 123D  CS E062  SS 123D

CF 1  PF 1  AF 1  ZF 0  SF 1  TF 0  IF 0  DF 0  OF 0

>
instr  0xE1B4A
stack  0x16585
src    0x0225C
dst    0x1A5CF

81 C6 22 03
AX 0045  BX 0000  CX 1540  DX 000D  FL 3004
SI 1A5C  DI 81FF  IP 41B5  SP 152A  BP 1542
DS 0080  ES 123D  CS E062  SS 123D

CF 0  PF 1  AF 0  ZF 0  SF 0  TF 0  IF 0  DF 0  OF 0

>
instr  0xE1B4A
stack  0x16589
src    0x0225C
dst    0x1A5CF

FF 06 64 09
AX 0045  BX 0000  CX 1540  DX 000D  FL 3000
SI 1A5C  DI 81FF  IP 41B9  SP 152A  BP 1542
DS 0080  ES 123D  CS E062  SS 123D

CF 0  PF 0  AF 0  ZF 0  SF 0  TF 0  IF 0  DF 0  OF 0

>
instr  0xE1B4C
stack  0x1658B
src    0x0225C
dst    0x1A5CF

8F 04
AX 0045  BX 0000  CX 1540  DX 000D  FL 3000
SI 1A5C  DI 81FF  IP 41BB  SP 152C  BP 1542
DS 0080  ES 123D  CS E062  SS 123D

CF 0  PF 0  AF 0  ZF 0  SF 0  TF 0  IF 0  DF 0  OF 0

>
instr  0xE1B4E
stack  0x1658E
src    0x0225C
dst    0x1A5CF

8F 44 02
AX 0045  BX 0000  CX 1540  DX 000D  FL 3000
SI 1A5C  DI 81FF  IP 41BE  SP 152E  BP 1542
DS 0080  ES 123D  CS E062  SS 123D

CF 0  PF 0  AF 0  ZF 0  SF 0  TF 0  IF 0  DF 0  OF 0

>
instr  0xE1B50
stack  0x16591
src    0x0225C
dst    0x1A5CF

8F 44 08
AX 0045  BX 0000  CX 1540  DX 000D  FL 3000
SI 1A5C  DI 81FF  IP 41C1  SP 1530  BP 1542
DS 0080  ES 123D  CS E062  SS 123D

CF 0  PF 0  AF 0  ZF 0  SF 0  TF 0  IF 0  DF 0  OF 0

>
instr  0xE1B52
stack  0x16592
src    0x0225C
dst    0x1368D

5F
AX 0045  BX 0000  CX 1540  DX 000D  FL 3000
SI 1A5C  DI 12BD  IP 41C2  SP 1532  BP 1542
DS 0080  ES 123D  CS E062  SS 123D

CF 0  PF 0  AF 0  ZF 0  SF 0  TF 0  IF 0  DF 0  OF 0

>
instr  0xE1B54
stack  0x16593
src    0x0225C
dst    0x1368D

1F
AX 0045  BX 0000  CX 1540  DX 000D  FL 3000
SI 1A5C  DI 12BD  IP 41C3  SP 1534  BP 1542
DS 0080  ES 123D  CS E062  SS 123D

CF 0  PF 0  AF 0  ZF 0  SF 0  TF 0  IF 0  DF 0  OF 0

>
instr  0xE1B52
stack  0x16594
src    0x0225C
dst    0x1368D

55
AX 0045  BX 0000  CX 1540  DX 000D  FL 3000
SI 1A5C  DI 12BD  IP 41C4  SP 1532  BP 1542
DS 0080  ES 123D  CS E062  SS 123D

CF 0  PF 0  AF 0  ZF 0  SF 0  TF 0  IF 0  DF 0  OF 0

>
instr  0xE1B52
stack  0x16597
src    0x0225C
dst    0x1368D

89 64 0A
AX 0045  BX 0000  CX 1540  DX 000D  FL 3000
SI 1A5C  DI 12BD  IP 41C7  SP 1532  BP 1542
DS 0080  ES 123D  CS E062  SS 123D

CF 0  PF 0  AF 0  ZF 0  SF 0  TF 0  IF 0  DF 0  OF 0

>
instr  0xE1B52
stack  0x1659A
src    0x0225C
dst    0x1368D

8C 54 0C
AX 0045  BX 0000  CX 1540  DX 000D  FL 3000
SI 1A5C  DI 12BD  IP 41CA  SP 1532  BP 1542
DS 0080  ES 123D  CS E062  SS 123D

CF 0  PF 0  AF 0  ZF 0  SF 0  TF 0  IF 0  DF 0  OF 0

>
instr  0xE1B52
stack  0x1659D
src    0x0225C
dst    0x1368D

8C 44 06
AX 0045  BX 0000  CX 1540  DX 000D  FL 3000
SI 1A5C  DI 12BD  IP 41CD  SP 1532  BP 1542
DS 0080  ES 123D  CS E062  SS 123D

CF 0  PF 0  AF 0  ZF 0  SF 0  TF 0  IF 0  DF 0  OF 0

>
instr  0xE1B52
stack  0x165A0
src    0x0225C
dst    0x1368D

89 44 04
AX 0045  BX 0000  CX 1540  DX 000D  FL 3000
SI 1A5C  DI 12BD  IP 41D0  SP 1532  BP 1542
DS 0080  ES 123D  CS E062  SS 123D

CF 0  PF 0  AF 0  ZF 0  SF 0  TF 0  IF 0  DF 0  OF 0

>
instr  0xE207C
stack  0x165A2
src    0x0225C
dst    0x1368D

89 F4
AX 0045  BX 0000  CX 1540  DX 000D  FL 3000
SI 1A5C  DI 12BD  IP 41D2  SP 1A5C  BP 1542
DS 0080  ES 123D  CS E062  SS 123D

CF 0  PF 0  AF 0  ZF 0  SF 0  TF 0  IF 0  DF 0  OF 0

>
instr  0xE207C
stack  0x165A4
src    0x00880
dst    0x1368D

8C DE
AX 0045  BX 0000  CX 1540  DX 000D  FL 3000
SI 0080  DI 12BD  IP 41D4  SP 1A5C  BP 1542
DS 0080  ES 123D  CS E062  SS 123D

CF 0  PF 0  AF 0  ZF 0  SF 0  TF 0  IF 0  DF 0  OF 0

>
instr  0xE207C
stack  0x049D6
src    0x00880
dst    0x1368D

8E D6
AX 0045  BX 0000  CX 1540  DX 000D  FL 3000
SI 0080  DI 12BD  IP 41D6  SP 1A5C  BP 1542
DS 0080  ES 123D  CS E062  SS 0080

CF 0  PF 0  AF 0  ZF 0  SF 0  TF 0  IF 0  DF 0  OF 0

>
instr  0xE207C
stack  0x049D8
src    0x00880
dst    0x01ABD

8E C6
AX 0045  BX 0000  CX 1540  DX 000D  FL 3000
SI 0080  DI 12BD  IP 41D8  SP 1A5C  BP 1542
DS 0080  ES 0080  CS E062  SS 0080

CF 0  PF 0  AF 0  ZF 0  SF 0  TF 0  IF 0  DF 0  OF 0

>
instr  0xE207A
stack  0x049D9
src    0x00880
dst    0x01ABD

52
AX 0045  BX 0000  CX 1540  DX 000D  FL 3000
SI 0080  DI 12BD  IP 41D9  SP 1A5A  BP 1542
DS 0080  ES 0080  CS E062  SS 0080

CF 0  PF 0  AF 0  ZF 0  SF 0  TF 0  IF 0  DF 0  OF 0

>
instr  0xE2078
stack  0x049DA
src    0x00880
dst    0x01ABD

51
AX 0045  BX 0000  CX 1540  DX 000D  FL 3000
SI 0080  DI 12BD  IP 41DA  SP 1A58  BP 1542
DS 0080  ES 0080  CS E062  SS 0080

CF 0  PF 0  AF 0  ZF 0  SF 0  TF 0  IF 0  DF 0  OF 0

>
instr  0xE2076
stack  0x049DB
src    0x00880
dst    0x01ABD

53
AX 0045  BX 0000  CX 1540  DX 000D  FL 3000
SI 0080  DI 12BD  IP 41DB  SP 1A56  BP 1542
DS 0080  ES 0080  CS E062  SS 0080

CF 0  PF 0  AF 0  ZF 0  SF 0  TF 0  IF 0  DF 0  OF 0

>
instr  0xE2074
stack  0x049DC
src    0x00880
dst    0x01ABD

50
AX 0045  BX 0000  CX 1540  DX 000D  FL 3000
SI 0080  DI 12BD  IP 41DC  SP 1A54  BP 1542
DS 0080  ES 0080  CS E062  SS 0080

CF 0  PF 0  AF 0  ZF 0  SF 0  TF 0  IF 0  DF 0  OF 0

>
instr  0xE2074
stack  0x049DE
src    0x00880
dst    0x01ABD

8A 05
AX 0080  BX 0000  CX 1540  DX 000D  FL 3000
SI 0080  DI 12BD  IP 41DE  SP 1A54  BP 1542
DS 0080  ES 0080  CS E062  SS 0080

CF 0  PF 0  AF 0  ZF 0  SF 0  TF 0  IF 0  DF 0  OF 0

>
instr  0xE2074
stack  0x049E0
src    0x00880
dst    0x01ABD

3C 80
AX 0080  BX 0000  CX 1540  DX 000D  FL 3044
SI 0080  DI 12BD  IP 41E0  SP 1A54  BP 1542
DS 0080  ES 0080  CS E062  SS 0080

CF 0  PF 1  AF 0  ZF 1  SF 0  TF 0  IF 0  DF 0  OF 0

>
instr  0xE2074
stack  0x049E2
src    0x00880
dst    0x01ABD

75 1D
AX 0080  BX 0000  CX 1540  DX 000D  FL 3044
SI 0080  DI 12BD  IP 41E2  SP 1A54  BP 1542
DS 0080  ES 0080  CS E062  SS 0080

CF 0  PF 1  AF 0  ZF 1  SF 0  TF 0  IF 0  DF 0  OF 0

>
instr  0xE2074
stack  0x049E3
src    0x00880
dst    0x01ABD

FB
AX 0080  BX 0000  CX 1540  DX 000D  FL 3244
SI 0080  DI 12BD  IP 41E3  SP 1A54  BP 1542
DS 0080  ES 0080  CS E062  SS 0080

CF 0  PF 1  AF 0  ZF 1  SF 0  TF 0  IF 1  DF 0  OF 0

>
instr  0xE2072
stack  0x04AB7
src    0x00880
dst    0x01ABD

E8 D1 00
AX 0080  BX 0000  CX 1540  DX 000D  FL 3244
SI 0080  DI 12BD  IP 42B7  SP 1A52  BP 1542
DS 0080  ES 0080  CS E062  SS 0080

CF 0  PF 1  AF 0  ZF 1  SF 0  TF 0  IF 1  DF 0  OF 0

>
instr  0xE2070
stack  0x04AB8
src    0x00880
dst    0x01ABD

56
AX 0080  BX 0000  CX 1540  DX 000D  FL 3244
SI 0080  DI 12BD  IP 42B8  SP 1A50  BP 1542
DS 0080  ES 0080  CS E062  SS 0080

CF 0  PF 1  AF 0  ZF 1  SF 0  TF 0  IF 1  DF 0  OF 0

>
instr  0xE2070
stack  0x04ABC
src    0x00880
dst    0x01ABD

8B 1E 08 12
AX 0080  BX 173A  CX 1540  DX 000D  FL 3244
SI 0080  DI 12BD  IP 42BC  SP 1A50  BP 1542
DS 0080  ES 0080  CS E062  SS 0080

CF 0  PF 1  AF 0  ZF 1  SF 0  TF 0  IF 1  DF 0  OF 0

>
instr  0xE2070
stack  0x04ABF
src    0x00A90
dst    0x01ABD

8B 77 06
AX 0080  BX 173A  CX 1540  DX 000D  FL 3244
SI 0290  DI 12BD  IP 42BF  SP 1A50  BP 1542
DS 0080  ES 0080  CS E062  SS 0080

CF 0  PF 1  AF 0  ZF 1  SF 0  TF 0  IF 1  DF 0  OF 0

>
instr  0xE2070
stack  0x04AC3
src    0x00A90
dst    0x01ABD

8B 97 2C 03
AX 0080  BX 173A  CX 1540  DX 1532  FL 3244
SI 0290  DI 12BD  IP 42C3  SP 1A50  BP 1542
DS 0080  ES 0080  CS E062  SS 0080

CF 0  PF 1  AF 0  ZF 1  SF 0  TF 0  IF 1  DF 0  OF 0

>
instr  0xE2070
stack  0x04AC6
src    0x00A90
dst    0x01ABD

8B 4F 0C
AX 0080  BX 173A  CX 0400  DX 1532  FL 3244
SI 0290  DI 12BD  IP 42C6  SP 1A50  BP 1542
DS 0080  ES 0080  CS E062  SS 0080

CF 0  PF 1  AF 0  ZF 1  SF 0  TF 0  IF 1  DF 0  OF 0

>
instr  0xE2070
stack  0x04AC9
src    0x00A90
dst    0x01ABD

8B 47 08
AX 169C  BX 173A  CX 0400  DX 1532  FL 3244
SI 0290  DI 12BD  IP 42C9  SP 1A50  BP 1542
DS 0080  ES 0080  CS E062  SS 0080

CF 0  PF 1  AF 0  ZF 1  SF 0  TF 0  IF 1  DF 0  OF 0

>
instr  0xE2070
stack  0x04ACB
src    0x00A90
dst    0x01ABD

29 C8
AX 129C  BX 173A  CX 0400  DX 1532  FL 3204
SI 0290  DI 12BD  IP 42CB  SP 1A50  BP 1542
DS 0080  ES 0080  CS E062  SS 0080

CF 0  PF 1  AF 0  ZF 0  SF 0  TF 0  IF 1  DF 0  OF 0

>
instr  0xE2070
stack  0x04ACD
src    0x00A90
dst    0x01ABD

39 C2
AX 129C  BX 173A  CX 0400  DX 1532  FL 3214
SI 0290  DI 12BD  IP 42CD  SP 1A50  BP 1542
DS 0080  ES 0080  CS E062  SS 0080

CF 0  PF 1  AF 1  ZF 0  SF 0  TF 0  IF 1  DF 0  OF 0

>
instr  0xE2070
stack  0x04AE0
src    0x00A90
dst    0x01ABD

73 11
AX 129C  BX 173A  CX 0400  DX 1532  FL 3214
SI 0290  DI 12BD  IP 42E0  SP 1A50  BP 1542
DS 0080  ES 0080  CS E062  SS 0080

CF 0  PF 1  AF 1  ZF 0  SF 0  TF 0  IF 1  DF 0  OF 0

>
instr  0xE2070
stack  0x04AE4
src    0x00A90
dst    0x01ABD

8B 1E 08 12
AX 129C  BX 173A  CX 0400  DX 1532  FL 3214
SI 0290  DI 12BD  IP 42E4  SP 1A50  BP 1542
DS 0080  ES 0080  CS E062  SS 0080

CF 0  PF 1  AF 1  ZF 0  SF 0  TF 0  IF 1  DF 0  OF 0

>
instr  0xE2070
stack  0x04AE8
src    0x00A90
dst    0x01ABD

8B 87 2C 03
AX 1532  BX 173A  CX 0400  DX 1532  FL 3214
SI 0290  DI 12BD  IP 42E8  SP 1A50  BP 1542
DS 0080  ES 0080  CS E062  SS 0080

CF 0  PF 1  AF 1  ZF 0  SF 0  TF 0  IF 1  DF 0  OF 0

>
instr  0xE2070
stack  0x04AEA
src    0x00A90
dst    0x01ABD

39 C6
AX 1532  BX 173A  CX 0400  DX 1532  FL 3291
SI 0290  DI 12BD  IP 42EA  SP 1A50  BP 1542
DS 0080  ES 0080  CS E062  SS 0080

CF 1  PF 0  AF 1  ZF 0  SF 1  TF 0  IF 1  DF 0  OF 0

>
instr  0xE2070
stack  0x04AFD
src    0x00A90
dst    0x01ABD

72 11
AX 1532  BX 173A  CX 0400  DX 1532  FL 3291
SI 0290  DI 12BD  IP 42FD  SP 1A50  BP 1542
DS 0080  ES 0080  CS E062  SS 0080

CF 1  PF 0  AF 1  ZF 0  SF 1  TF 0  IF 1  DF 0  OF 0

>
instr  0xE2072
stack  0x04AFE
src    0x00880
dst    0x01ABD

5E
AX 1532  BX 173A  CX 0400  DX 1532  FL 3291
SI 0080  DI 12BD  IP 42FE  SP 1A52  BP 1542
DS 0080  ES 0080  CS E062  SS 0080

CF 1  PF 0  AF 1  ZF 0  SF 1  TF 0  IF 1  DF 0  OF 0

>
instr  0xE2074
stack  0x049E6
src    0x00880
dst    0x01ABD

C3
AX 1532  BX 173A  CX 0400  DX 1532  FL 3291
SI 0080  DI 12BD  IP 41E6  SP 1A54  BP 1542
DS 0080  ES 0080  CS E062  SS 0080

CF 1  PF 0  AF 1  ZF 0  SF 1  TF 0  IF 1  DF 0  OF 0

>
instr  0xE2076
stack  0x049E7
src    0x00880
dst    0x01ABD

58
AX 0045  BX 173A  CX 0400  DX 1532  FL 3291
SI 0080  DI 12BD  IP 41E7  SP 1A56  BP 1542
DS 0080  ES 0080  CS E062  SS 0080

CF 1  PF 0  AF 1  ZF 0  SF 1  TF 0  IF 1  DF 0  OF 0

>
instr  0xE2074
stack  0x04C3E
src    0x00880
dst    0x01ABD

E8 54 02
AX 0045  BX 173A  CX 0400  DX 1532  FL 3291
SI 0080  DI 12BD  IP 443E  SP 1A54  BP 1542
DS 0080  ES 0080  CS E062  SS 0080

CF 1  PF 0  AF 1  ZF 0  SF 1  TF 0  IF 1  DF 0  OF 0

>
instr  0xE2074
stack  0x04C41
src    0x00880
dst    0x01ABD

3D 9E 01
AX 0045  BX 173A  CX 0400  DX 1532  FL 3291
SI 0080  DI 12BD  IP 4441  SP 1A54  BP 1542
DS 0080  ES 0080  CS E062  SS 0080

CF 1  PF 0  AF 1  ZF 0  SF 1  TF 0  IF 1  DF 0  OF 0

>
instr  0xE2074
stack  0x04C43
src    0x00880
dst    0x01ABD

77 08
AX 0045  BX 173A  CX 0400  DX 1532  FL 3291
SI 0080  DI 12BD  IP 4443  SP 1A54  BP 1542
DS 0080  ES 0080  CS E062  SS 0080

CF 1  PF 0  AF 1  ZF 0  SF 1  TF 0  IF 1  DF 0  OF 0

>
instr  0xE2074
stack  0x04C45
src    0x00880
dst    0x01ABD

89 C3
AX 0045  BX 0045  CX 0400  DX 1532  FL 3291
SI 0080  DI 12BD  IP 4445  SP 1A54  BP 1542
DS 0080  ES 0080  CS E062  SS 0080

CF 1  PF 0  AF 1  ZF 0  SF 1  TF 0  IF 1  DF 0  OF 0

>
instr  0xE2074
stack  0x04C47
src    0x00880
dst    0x01ABD

01 C3
AX 0045  BX 008A  CX 0400  DX 1532  FL 3200
SI 0080  DI 12BD  IP 4447  SP 1A54  BP 1542
DS 0080  ES 0080  CS E062  SS 0080

CF 0  PF 0  AF 0  ZF 0  SF 0  TF 0  IF 1  DF 0  OF 0

>
instr  0xE2074
stack  0x05320
src    0x00880
dst    0x01ABD

FF A7 7A 0B
AX 0045  BX 008A  CX 0400  DX 1532  FL 3200
SI 0080  DI 12BD  IP 4B20  SP 1A54  BP 1542
DS 0080  ES 0080  CS E062  SS 0080

CF 0  PF 0  AF 0  ZF 0  SF 0  TF 0  IF 1  DF 0  OF 0

>
instr  0xE2072
stack  0x05321
src    0x00880
dst    0x01ABD

56
AX 0045  BX 008A  CX 0400  DX 1532  FL 3200
SI 0080  DI 12BD  IP 4B21  SP 1A52  BP 1542
DS 0080  ES 0080  CS E062  SS 0080

CF 0  PF 0  AF 0  ZF 0  SF 0  TF 0  IF 1  DF 0  OF 0

>
instr  0xE2070
stack  0x05322
src    0x00880
dst    0x01ABD

57
AX 0045  BX 008A  CX 0400  DX 1532  FL 3200
SI 0080  DI 12BD  IP 4B22  SP 1A50  BP 1542
DS 0080  ES 0080  CS E062  SS 0080

CF 0  PF 0  AF 0  ZF 0  SF 0  TF 0  IF 1  DF 0  OF 0

>
instr  0xE206E
stack  0x05323
src    0x00880
dst    0x01ABD

55
AX 0045  BX 008A  CX 0400  DX 1532  FL 3200
SI 0080  DI 12BD  IP 4B23  SP 1A4E  BP 1542
DS 0080  ES 0080  CS E062  SS 0080

CF 0  PF 0  AF 0  ZF 0  SF 0  TF 0  IF 1  DF 0  OF 0

>
instr  0xE206E
stack  0x05325
src    0x00880
dst    0x01ABD

89 E5
AX 0045  BX 008A  CX 0400  DX 1532  FL 3200
SI 0080  DI 12BD  IP 4B25  SP 1A4E  BP 1A4E
DS 0080  ES 0080  CS E062  SS 0080

CF 0  PF 0  AF 0  ZF 0  SF 0  TF 0  IF 1  DF 0  OF 0

>
instr  0xE206E
stack  0x05329
src    0x00880
dst    0x01ABD

8B 1E 08 12
AX 0045  BX 173A  CX 0400  DX 1532  FL 3200
SI 0080  DI 12BD  IP 4B29  SP 1A4E  BP 1A4E
DS 0080  ES 0080  CS E062  SS 0080

CF 0  PF 0  AF 0  ZF 0  SF 0  TF 0  IF 1  DF 0  OF 0

>
instr  0xE206E
stack  0x0532C
src    0x00880
dst    0x00A90

8B 7F 06
AX 0045  BX 173A  CX 0400  DX 1532  FL 3200
SI 0080  DI 0290  IP 4B2C  SP 1A4E  BP 1A4E
DS 0080  ES 0080  CS E062  SS 0080

CF 0  PF 0  AF 0  ZF 0  SF 0  TF 0  IF 1  DF 0  OF 0

>
instr  0xE206E
stack  0x0532F
src    0x00880
dst    0x00A90

B8 02 00
AX 0002  BX 173A  CX 0400  DX 1532  FL 3200
SI 0080  DI 0290  IP 4B2F  SP 1A4E  BP 1A4E
DS 0080  ES 0080  CS E062  SS 0080

CF 0  PF 0  AF 0  ZF 0  SF 0  TF 0  IF 1  DF 0  OF 0

>
instr  0xE206C
stack  0x05330
src    0x00880
dst    0x00A90

50
AX 0002  BX 173A  CX 0400  DX 1532  FL 3200
SI 0080  DI 0290  IP 4B30  SP 1A4C  BP 1A4E
DS 0080  ES 0080  CS E062  SS 0080

CF 0  PF 0  AF 0  ZF 0  SF 0  TF 0  IF 1  DF 0  OF 0

>